[0.013s] Invoking command in '/home/zfy/桌面/project/race_ros2_ws/build/race_gazebo': CMAKE_PREFIX_PATH=${CMAKE_PREFIX_PATH}:/opt/ros/jazzy DEBUGINFOD_URLS=https://debuginfod.ubuntu.com /usr/bin/cmake /home/zfy/桌面/project/race_ros2_ws/src/race_gazebo -DCMAKE_INSTALL_PREFIX=/home/zfy/桌面/project/race_ros2_ws/install/race_gazebo
[0.162s] -- The C compiler identification is GNU 13.3.0
[0.289s] -- The CXX compiler identification is GNU 13.3.0
[0.317s] -- Detecting C compiler ABI info
[0.420s] -- Detecting C compiler ABI info - done
[0.428s] -- Check for working C compiler: /usr/bin/cc - skipped
[0.428s] -- Detecting C compile features
[0.428s] -- Detecting C compile features - done
[0.439s] -- Detecting CXX compiler ABI info
[0.558s] -- Detecting CXX compiler ABI info - done
[0.566s] -- Check for working CXX compiler: /usr/bin/c++ - skipped
[0.566s] -- Detecting CXX compile features
[0.566s] -- Detecting CXX compile features - done
[0.580s] -- Found ament_cmake: 2.5.6 (/opt/ros/jazzy/share/ament_cmake/cmake)
[0.739s] -- Found Python3: /usr/bin/python3 (found version "3.12.3") found components: Interpreter 
[0.913s] -- Found ament_lint_auto: 0.17.5 (/opt/ros/jazzy/share/ament_lint_auto/cmake)
[1.057s] -- Added test 'lint_cmake' to check CMake code style
[1.059s] -- Added test 'xmllint' to check XML markup files
[1.062s] -- Configuring done (1.0s)
[1.065s] -- Generating done (0.0s)
[1.066s] -- Build files have been written to: /home/zfy/桌面/project/race_ros2_ws/build/race_gazebo
[1.071s] Invoked command in '/home/zfy/桌面/project/race_ros2_ws/build/race_gazebo' returned '0': CMAKE_PREFIX_PATH=${CMAKE_PREFIX_PATH}:/opt/ros/jazzy DEBUGINFOD_URLS=https://debuginfod.ubuntu.com /usr/bin/cmake /home/zfy/桌面/project/race_ros2_ws/src/race_gazebo -DCMAKE_INSTALL_PREFIX=/home/zfy/桌面/project/race_ros2_ws/install/race_gazebo
[1.073s] Invoking command in '/home/zfy/桌面/project/race_ros2_ws/build/race_gazebo': CMAKE_PREFIX_PATH=${CMAKE_PREFIX_PATH}:/opt/ros/jazzy DEBUGINFOD_URLS=https://debuginfod.ubuntu.com /usr/bin/cmake --build /home/zfy/桌面/project/race_ros2_ws/build/race_gazebo -- -j16 -l16
[1.126s] Invoked command in '/home/zfy/桌面/project/race_ros2_ws/build/race_gazebo' returned '0': CMAKE_PREFIX_PATH=${CMAKE_PREFIX_PATH}:/opt/ros/jazzy DEBUGINFOD_URLS=https://debuginfod.ubuntu.com /usr/bin/cmake --build /home/zfy/桌面/project/race_ros2_ws/build/race_gazebo -- -j16 -l16
[1.127s] Invoking command in '/home/zfy/桌面/project/race_ros2_ws/build/race_gazebo': CMAKE_PREFIX_PATH=${CMAKE_PREFIX_PATH}:/opt/ros/jazzy DEBUGINFOD_URLS=https://debuginfod.ubuntu.com /usr/bin/cmake --install /home/zfy/桌面/project/race_ros2_ws/build/race_gazebo
[1.136s] -- Install configuration: ""
[1.137s] -- Installing: /home/zfy/桌面/project/race_ros2_ws/install/race_gazebo/share/ament_index/resource_index/package_run_dependencies/race_gazebo
[1.137s] -- Installing: /home/zfy/桌面/project/race_ros2_ws/install/race_gazebo/share/ament_index/resource_index/parent_prefix_path/race_gazebo
[1.137s] -- Installing: /home/zfy/桌面/project/race_ros2_ws/install/race_gazebo/share/race_gazebo/environment/ament_prefix_path.sh
[1.138s] -- Installing: /home/zfy/桌面/project/race_ros2_ws/install/race_gazebo/share/race_gazebo/environment/ament_prefix_path.dsv
[1.138s] -- Installing: /home/zfy/桌面/project/race_ros2_ws/install/race_gazebo/share/race_gazebo/environment/path.sh
[1.139s] -- Installing: /home/zfy/桌面/project/race_ros2_ws/install/race_gazebo/share/race_gazebo/environment/path.dsv
[1.139s] -- Installing: /home/zfy/桌面/project/race_ros2_ws/install/race_gazebo/share/race_gazebo/local_setup.bash
[1.139s] -- Installing: /home/zfy/桌面/project/race_ros2_ws/install/race_gazebo/share/race_gazebo/local_setup.sh
[1.139s] -- Installing: /home/zfy/桌面/project/race_ros2_ws/install/race_gazebo/share/race_gazebo/local_setup.zsh
[1.139s] -- Installing: /home/zfy/桌面/project/race_ros2_ws/install/race_gazebo/share/race_gazebo/local_setup.dsv
[1.139s] -- Installing: /home/zfy/桌面/project/race_ros2_ws/install/race_gazebo/share/race_gazebo/package.dsv
[1.140s] -- Installing: /home/zfy/桌面/project/race_ros2_ws/install/race_gazebo/share/ament_index/resource_index/packages/race_gazebo
[1.140s] -- Installing: /home/zfy/桌面/project/race_ros2_ws/install/race_gazebo/share/race_gazebo/cmake/race_gazeboConfig.cmake
[1.141s] -- Installing: /home/zfy/桌面/project/race_ros2_ws/install/race_gazebo/share/race_gazebo/cmake/race_gazeboConfig-version.cmake
[1.141s] -- Installing: /home/zfy/桌面/project/race_ros2_ws/install/race_gazebo/share/race_gazebo/package.xml
[1.172s] Invoked command in '/home/zfy/桌面/project/race_ros2_ws/build/race_gazebo' returned '0': CMAKE_PREFIX_PATH=${CMAKE_PREFIX_PATH}:/opt/ros/jazzy DEBUGINFOD_URLS=https://debuginfod.ubuntu.com /usr/bin/cmake --install /home/zfy/桌面/project/race_ros2_ws/build/race_gazebo
