[0.011s] Invoking command in '/home/zfy/桌面/project/race_ros2_ws/build/race_description': CMAKE_PREFIX_PATH=${CMAKE_PREFIX_PATH}:/opt/ros/jazzy DEBUGINFOD_URLS=https://debuginfod.ubuntu.com /usr/bin/cmake /home/zfy/桌面/project/race_ros2_ws/src/race_description -DCMAKE_INSTALL_PREFIX=/home/zfy/桌面/project/race_ros2_ws/install/race_description
[0.166s] -- The C compiler identification is GNU 13.3.0
[0.303s] -- The CXX compiler identification is GNU 13.3.0
[0.320s] -- Detecting C compiler ABI info
[0.426s] -- Detecting C compiler ABI info - done
[0.433s] -- Check for working C compiler: /usr/bin/cc - skipped
[0.433s] -- Detecting C compile features
[0.434s] -- Detecting C compile features - done
[0.444s] -- Detecting CXX compiler ABI info
[0.552s] -- Detecting CXX compiler ABI info - done
[0.559s] -- Check for working CXX compiler: /usr/bin/c++ - skipped
[0.560s] -- Detecting CXX compile features
[0.560s] -- Detecting CXX compile features - done
[0.583s] -- Found ament_cmake: 2.5.6 (/opt/ros/jazzy/share/ament_cmake/cmake)
[0.741s] -- Found Python3: /usr/bin/python3 (found version "3.12.3") found components: Interpreter 
[0.916s] -- Found ament_lint_auto: 0.17.5 (/opt/ros/jazzy/share/ament_lint_auto/cmake)
[1.060s] -- Added test 'lint_cmake' to check CMake code style
[1.062s] -- Added test 'xmllint' to check XML markup files
[1.065s] -- Configuring done (1.0s)
[1.068s] -- Generating done (0.0s)
[1.070s] -- Build files have been written to: /home/zfy/桌面/project/race_ros2_ws/build/race_description
[1.078s] Invoked command in '/home/zfy/桌面/project/race_ros2_ws/build/race_description' returned '0': CMAKE_PREFIX_PATH=${CMAKE_PREFIX_PATH}:/opt/ros/jazzy DEBUGINFOD_URLS=https://debuginfod.ubuntu.com /usr/bin/cmake /home/zfy/桌面/project/race_ros2_ws/src/race_description -DCMAKE_INSTALL_PREFIX=/home/zfy/桌面/project/race_ros2_ws/install/race_description
[1.079s] Invoking command in '/home/zfy/桌面/project/race_ros2_ws/build/race_description': CMAKE_PREFIX_PATH=${CMAKE_PREFIX_PATH}:/opt/ros/jazzy DEBUGINFOD_URLS=https://debuginfod.ubuntu.com /usr/bin/cmake --build /home/zfy/桌面/project/race_ros2_ws/build/race_description -- -j16 -l16
[1.118s] Invoked command in '/home/zfy/桌面/project/race_ros2_ws/build/race_description' returned '0': CMAKE_PREFIX_PATH=${CMAKE_PREFIX_PATH}:/opt/ros/jazzy DEBUGINFOD_URLS=https://debuginfod.ubuntu.com /usr/bin/cmake --build /home/zfy/桌面/project/race_ros2_ws/build/race_description -- -j16 -l16
[1.128s] Invoking command in '/home/zfy/桌面/project/race_ros2_ws/build/race_description': CMAKE_PREFIX_PATH=${CMAKE_PREFIX_PATH}:/opt/ros/jazzy DEBUGINFOD_URLS=https://debuginfod.ubuntu.com /usr/bin/cmake --install /home/zfy/桌面/project/race_ros2_ws/build/race_description
[1.137s] -- Install configuration: ""
[1.137s] -- Installing: /home/zfy/桌面/project/race_ros2_ws/install/race_description/share/ament_index/resource_index/package_run_dependencies/race_description
[1.137s] -- Installing: /home/zfy/桌面/project/race_ros2_ws/install/race_description/share/ament_index/resource_index/parent_prefix_path/race_description
[1.137s] -- Installing: /home/zfy/桌面/project/race_ros2_ws/install/race_description/share/race_description/environment/ament_prefix_path.sh
[1.137s] -- Installing: /home/zfy/桌面/project/race_ros2_ws/install/race_description/share/race_description/environment/ament_prefix_path.dsv
[1.138s] -- Installing: /home/zfy/桌面/project/race_ros2_ws/install/race_description/share/race_description/environment/path.sh
[1.138s] -- Installing: /home/zfy/桌面/project/race_ros2_ws/install/race_description/share/race_description/environment/path.dsv
[1.138s] -- Installing: /home/zfy/桌面/project/race_ros2_ws/install/race_description/share/race_description/local_setup.bash
[1.138s] -- Installing: /home/zfy/桌面/project/race_ros2_ws/install/race_description/share/race_description/local_setup.sh
[1.138s] -- Installing: /home/zfy/桌面/project/race_ros2_ws/install/race_description/share/race_description/local_setup.zsh
[1.138s] -- Installing: /home/zfy/桌面/project/race_ros2_ws/install/race_description/share/race_description/local_setup.dsv
[1.138s] -- Installing: /home/zfy/桌面/project/race_ros2_ws/install/race_description/share/race_description/package.dsv
[1.139s] -- Installing: /home/zfy/桌面/project/race_ros2_ws/install/race_description/share/ament_index/resource_index/packages/race_description
[1.139s] -- Installing: /home/zfy/桌面/project/race_ros2_ws/install/race_description/share/race_description/cmake/race_descriptionConfig.cmake
[1.139s] -- Installing: /home/zfy/桌面/project/race_ros2_ws/install/race_description/share/race_description/cmake/race_descriptionConfig-version.cmake
[1.139s] -- Installing: /home/zfy/桌面/project/race_ros2_ws/install/race_description/share/race_description/package.xml
[1.146s] Invoked command in '/home/zfy/桌面/project/race_ros2_ws/build/race_description' returned '0': CMAKE_PREFIX_PATH=${CMAKE_PREFIX_PATH}:/opt/ros/jazzy DEBUGINFOD_URLS=https://debuginfod.ubuntu.com /usr/bin/cmake --install /home/zfy/桌面/project/race_ros2_ws/build/race_description
